volvo/build/intermediates/manifest_merge_blame_file/prodRelease/manifest-merger-blame-prod-release-report.txt
1<?xml version="1.0" encoding="utf-8"?>
2<manifest xmlns:android="http://schemas.android.com/apk/res/android"
3    package="com.teramatrix.vos"
4    android:versionCode="58"
5    android:versionName="1.8" >
6
7    <uses-sdk
7-->src\main\AndroidManifest.xml:6:5-47
8        android:minSdkVersion="16"
8-->src\main\AndroidManifest.xml:6:5-47
9        android:targetSdkVersion="29" />
9-->src\main\AndroidManifest.xml:6:15-44
10    <!-- GCM requires a Google account. -->
11    <uses-permission android:name="android.permission.GET_ACCOUNTS" /> <!-- Keeps the processor from sleeping when a message is received. -->
11-->src\main\AndroidManifest.xml:8:5-71
11-->src\main\AndroidManifest.xml:8:22-68
12    <uses-permission android:name="android.permission.WAKE_LOCK" /> <!-- Creates a custom permission so only this app can receive its messages. -->
12-->src\main\AndroidManifest.xml:9:5-68
12-->src\main\AndroidManifest.xml:9:22-65
13    <permission
13-->src\main\AndroidManifest.xml:10:5-12:47
14        android:name="com.teramatrix.vos.permission.C2D_MESSAGE"
14-->src\main\AndroidManifest.xml:11:9-65
15        android:protectionLevel="signature" />
15-->src\main\AndroidManifest.xml:12:9-44
16
17    <uses-permission android:name="com.teramatrix.vecv.permission.C2D_MESSAGE" /> <!-- This app has permission to register and receive data message. -->
17-->src\main\AndroidManifest.xml:14:5-82
17-->src\main\AndroidManifest.xml:14:22-79
18    <uses-permission android:name="com.google.android.c2dm.permission.RECEIVE" /> <!-- Permission to vibrate -->
18-->src\main\AndroidManifest.xml:15:5-82
18-->src\main\AndroidManifest.xml:15:22-79
19    <uses-permission android:name="android.permission.VIBRATE" />
19-->src\main\AndroidManifest.xml:16:5-66
19-->src\main\AndroidManifest.xml:16:22-63
20
21    <permission
21-->src\main\AndroidManifest.xml:18:5-20:47
22        android:name="com.teramatrix.vos.permission.MAPS_RECEIVE"
22-->src\main\AndroidManifest.xml:19:9-66
23        android:protectionLevel="signature" /> <!-- Permission to File Read Write -->
23-->src\main\AndroidManifest.xml:20:9-44
24    <uses-permission android:name="android.permission.READ_EXTERNAL_STORAGE" />
24-->src\main\AndroidManifest.xml:21:5-80
24-->src\main\AndroidManifest.xml:21:22-77
25    <uses-permission android:name="android.permission.WRITE_EXTERNAL_STORAGE" />
25-->src\main\AndroidManifest.xml:22:5-81
25-->src\main\AndroidManifest.xml:22:22-78
26    <uses-permission android:name="android.permission.READ_INTERNAL_STORAGE" />
26-->src\main\AndroidManifest.xml:23:5-80
26-->src\main\AndroidManifest.xml:23:22-77
27    <uses-permission android:name="android.permission.WRITE_INTERNAL_STORAGE" /> <!-- <uses-permission android:name="com.teramatrix.vecv.permission.MAPS_RECEIVE" /> -->
27-->src\main\AndroidManifest.xml:24:5-81
27-->src\main\AndroidManifest.xml:24:22-78
28    <!-- Set User Permissions -->
29    <uses-permission android:name="android.permission.INTERNET" />
29-->src\main\AndroidManifest.xml:26:5-67
29-->src\main\AndroidManifest.xml:26:22-64
30    <uses-permission android:name="android.permission.READ_PHONE_STATE" />
30-->src\main\AndroidManifest.xml:27:5-75
30-->src\main\AndroidManifest.xml:27:22-72
31    <uses-permission android:name="android.permission.ACCESS_NETWORK_STATE" />
31-->src\main\AndroidManifest.xml:28:5-79
31-->src\main\AndroidManifest.xml:28:22-76
32    <uses-permission android:name="android.permission.ACCESS_FINE_LOCATION" />
32-->src\main\AndroidManifest.xml:29:5-79
32-->src\main\AndroidManifest.xml:29:22-76
33    <uses-permission android:name="android.permission.ACCESS_COARSE_LOCATION" />
33-->src\main\AndroidManifest.xml:30:5-81
33-->src\main\AndroidManifest.xml:30:22-78
34    <uses-permission android:name="android.permission.RECEIVE_BOOT_COMPLETED" />
34-->src\main\AndroidManifest.xml:31:5-81
34-->src\main\AndroidManifest.xml:31:22-78
35    <uses-permission android:name="com.google.android.providers.gsf.permission.READ_GSERVICES" />
35-->src\main\AndroidManifest.xml:32:5-98
35-->src\main\AndroidManifest.xml:32:22-95
36    <uses-permission android:name="com.teramatrix.vecv.MAPS_RECEIVE" />
36-->src\main\AndroidManifest.xml:33:5-72
36-->src\main\AndroidManifest.xml:33:22-69
37    <uses-permission android:name="android.permission.FOREGROUND_SERVICE" />
37-->src\main\AndroidManifest.xml:34:5-77
37-->src\main\AndroidManifest.xml:34:22-74
38
39    <uses-feature
39-->src\main\AndroidManifest.xml:36:5-38:35
40        android:glEsVersion="0x00020000"
40-->src\main\AndroidManifest.xml:37:9-41
41        android:required="true" />
41-->src\main\AndroidManifest.xml:38:9-32
42
43    <meta-data
43-->[com.android.support:design:25.3.0] AndroidManifest.xml:25:5-27:34
44        android:name="android.support.VERSION"
44-->[com.android.support:design:25.3.0] AndroidManifest.xml:26:9-47
45        android:value="25.3.0" />
45-->[com.android.support:design:25.3.0] AndroidManifest.xml:27:9-31
46
47    <uses-permission android:name="com.google.android.finsky.permission.BIND_GET_INSTALL_REFERRER_SERVICE" />
47-->[com.google.firebase:firebase-analytics-impl:15.0.0] AndroidManifest.xml:26:5-110
47-->[com.google.firebase:firebase-analytics-impl:15.0.0] AndroidManifest.xml:26:22-107
48    <uses-permission android:name="com.teramatrix.vos.permission.C2D_MESSAGE" />
48-->[com.google.firebase:firebase-iid:15.0.0] AndroidManifest.xml:32:5-79
48-->[com.google.firebase:firebase-iid:15.0.0] AndroidManifest.xml:32:22-76
49
50    <application
50-->src\main\AndroidManifest.xml:40:5-190:19
51        android:name="com.teramatrix.vos.EosApplication"
51-->src\main\AndroidManifest.xml:41:9-39
52        android:allowBackup="false"
52-->src\main\AndroidManifest.xml:42:9-36
53        android:icon="@mipmap/ic_launcher"
53-->src\main\AndroidManifest.xml:43:9-43
54        android:label="@string/app_name"
54-->src\main\AndroidManifest.xml:44:9-41
55        android:largeHeap="true"
55-->src\main\AndroidManifest.xml:45:9-33
56        android:supportsRtl="true"
56-->[com.whiteelephant:monthandyearpicker:1.3.0] AndroidManifest.xml:15:9-35
57        android:theme="@style/AppTheme"
57-->src\main\AndroidManifest.xml:46:9-40
58        android:usesCleartextTraffic="true" >
58-->src\main\AndroidManifest.xml:47:9-44
59        <activity
59-->src\main\AndroidManifest.xml:49:9-50:66
60            android:name="com.teramatrix.vos.volvouptime.CustomDialogActivity"
60-->src\main\AndroidManifest.xml:49:19-67
61            android:theme="@style/Theme.AppCompat.Light.Dialog" />
61-->src\main\AndroidManifest.xml:50:13-64
62
63        <uses-library
63-->src\main\AndroidManifest.xml:52:9-54:40
64            android:name="org.apache.http.legacy"
64-->src\main\AndroidManifest.xml:53:13-50
65            android:required="false" />
65-->src\main\AndroidManifest.xml:54:13-37
66
67        <meta-data
67-->src\main\AndroidManifest.xml:56:9-58:69
68            android:name="com.google.android.gms.version"
68-->src\main\AndroidManifest.xml:57:13-58
69            android:value="@integer/google_play_services_version" /> <!-- In order to use Maps in your application add Map API Key -->
69-->src\main\AndroidManifest.xml:58:13-66
70        <meta-data
70-->src\main\AndroidManifest.xml:59:9-61:51
71            android:name="com.google.android.maps.v2.API_KEY"
71-->src\main\AndroidManifest.xml:60:13-62
72            android:value="@string/map_api_key" />
72-->src\main\AndroidManifest.xml:61:13-48
73
74        <activity
74-->src\main\AndroidManifest.xml:63:9-72:20
75            android:name="com.teramatrix.vos.SplashActivity"
75-->src\main\AndroidManifest.xml:64:13-43
76            android:label="@string/app_name"
76-->src\main\AndroidManifest.xml:65:13-45
77            android:screenOrientation="portrait" >
77-->src\main\AndroidManifest.xml:66:13-49
78            <intent-filter>
78-->src\main\AndroidManifest.xml:67:13-71:29
79                <action android:name="android.intent.action.MAIN" />
79-->src\main\AndroidManifest.xml:68:17-69
79-->src\main\AndroidManifest.xml:68:25-66
80
81                <category android:name="android.intent.category.LAUNCHER" />
81-->src\main\AndroidManifest.xml:70:17-77
81-->src\main\AndroidManifest.xml:70:27-74
82            </intent-filter>
83        </activity>
84        <activity
84-->src\main\AndroidManifest.xml:73:9-78:79
85            android:name="com.teramatrix.vos.ConfigurationPinActivity"
85-->src\main\AndroidManifest.xml:74:13-53
86            android:configChanges="locale"
86-->src\main\AndroidManifest.xml:75:13-43
87            android:label="@string/app_name"
87-->src\main\AndroidManifest.xml:76:13-45
88            android:screenOrientation="portrait"
88-->src\main\AndroidManifest.xml:77:13-49
89            android:windowSoftInputMode="stateHidden|adjustResize" />
89-->src\main\AndroidManifest.xml:78:13-67
90        <activity
90-->src\main\AndroidManifest.xml:79:9-84:77
91            android:name="com.teramatrix.vos.ConfigurationLicenseActivity"
91-->src\main\AndroidManifest.xml:80:13-57
92            android:configChanges="locale"
92-->src\main\AndroidManifest.xml:81:13-43
93            android:label="@string/app_name"
93-->src\main\AndroidManifest.xml:82:13-45
94            android:screenOrientation="portrait"
94-->src\main\AndroidManifest.xml:83:13-49
95            android:windowSoftInputMode="adjustPan|adjustResize" />
95-->src\main\AndroidManifest.xml:84:13-65
96        <activity
96-->src\main\AndroidManifest.xml:85:9-90:79
97            android:name="com.teramatrix.vos.MyTicketActivity"
97-->src\main\AndroidManifest.xml:86:13-45
98            android:configChanges="locale"
98-->src\main\AndroidManifest.xml:87:13-43
99            android:label="@string/app_name"
99-->src\main\AndroidManifest.xml:88:13-45
100            android:screenOrientation="portrait"
100-->src\main\AndroidManifest.xml:89:13-49
101            android:windowSoftInputMode="stateHidden|adjustResize" />
101-->src\main\AndroidManifest.xml:90:13-67
102        <activity
102-->src\main\AndroidManifest.xml:91:9-97:77
103            android:name="com.teramatrix.vos.MapViewTimerActivitySeekBar"
103-->src\main\AndroidManifest.xml:92:13-56
104            android:configChanges="locale"
104-->src\main\AndroidManifest.xml:93:13-43
105            android:label="@string/app_name"
105-->src\main\AndroidManifest.xml:94:13-45
106            android:launchMode="singleTask"
106-->src\main\AndroidManifest.xml:95:13-44
107            android:screenOrientation="portrait"
107-->src\main\AndroidManifest.xml:96:13-49
108            android:windowSoftInputMode="adjustResize|adjustPan" />
108-->src\main\AndroidManifest.xml:97:13-65
109        <activity
109-->src\main\AndroidManifest.xml:98:9-103:79
110            android:name="com.teramatrix.vos.JobStatusDetailActivity"
110-->src\main\AndroidManifest.xml:99:13-52
111            android:configChanges="locale"
111-->src\main\AndroidManifest.xml:100:13-43
112            android:label="@string/app_name"
112-->src\main\AndroidManifest.xml:101:13-45
113            android:screenOrientation="portrait"
113-->src\main\AndroidManifest.xml:102:13-49
114            android:windowSoftInputMode="stateHidden|adjustResize" />
114-->src\main\AndroidManifest.xml:103:13-67
115        <activity
115-->src\main\AndroidManifest.xml:104:9-109:79
116            android:name="com.teramatrix.vos.volvouptime.UpTimeRegisterActivity"
116-->src\main\AndroidManifest.xml:105:13-63
117            android:configChanges="locale"
117-->src\main\AndroidManifest.xml:106:13-43
118            android:label="@string/app_name"
118-->src\main\AndroidManifest.xml:107:13-45
119            android:screenOrientation="portrait"
119-->src\main\AndroidManifest.xml:108:13-49
120            android:windowSoftInputMode="stateHidden|adjustResize" />
120-->src\main\AndroidManifest.xml:109:13-67
121        <activity
121-->src\main\AndroidManifest.xml:110:9-116:79
122            android:name="com.teramatrix.vos.volvouptime.UpTimeTicketDetailsActivity"
122-->src\main\AndroidManifest.xml:111:13-68
123            android:configChanges="locale"
123-->src\main\AndroidManifest.xml:112:13-43
124            android:label="@string/app_name"
124-->src\main\AndroidManifest.xml:113:13-45
125            android:screenOrientation="portrait"
125-->src\main\AndroidManifest.xml:114:13-49
126            android:theme="@style/Theme.AppCompat.Light.NoActionBar"
126-->src\main\AndroidManifest.xml:115:13-69
127            android:windowSoftInputMode="stateHidden|adjustResize" />
127-->src\main\AndroidManifest.xml:116:13-67
128        <activity
128-->src\main\AndroidManifest.xml:117:9-123:77
129            android:name="com.teramatrix.vos.volvouptime.UpTimeVehicleListActivity"
129-->src\main\AndroidManifest.xml:118:13-66
130            android:configChanges="locale"
130-->src\main\AndroidManifest.xml:119:13-43
131            android:label="@string/app_name"
131-->src\main\AndroidManifest.xml:120:13-45
132            android:screenOrientation="portrait"
132-->src\main\AndroidManifest.xml:121:13-49
133            android:theme="@style/Theme.AppCompat.Light.NoActionBar"
133-->src\main\AndroidManifest.xml:122:13-69
134            android:windowSoftInputMode="adjustPan|adjustResize" />
134-->src\main\AndroidManifest.xml:123:13-65
135
136        <service
136-->src\main\AndroidManifest.xml:125:9-127:46
137            android:name="com.teramatrix.vos.service.AlertRingerService"
137-->src\main\AndroidManifest.xml:126:13-55
138            android:enabled="true" />
138-->src\main\AndroidManifest.xml:127:13-35
139        <service
139-->src\main\AndroidManifest.xml:128:9-130:46
140            android:name="com.teramatrix.vos.service.PostLocationService"
140-->src\main\AndroidManifest.xml:129:13-56
141            android:enabled="true" />
141-->src\main\AndroidManifest.xml:130:13-35
142        <service
142-->src\main\AndroidManifest.xml:131:9-133:46
143            android:name="com.teramatrix.vos.service.SyncTicketsService"
143-->src\main\AndroidManifest.xml:132:13-55
144            android:enabled="true" />
144-->src\main\AndroidManifest.xml:133:13-35
145        <service
145-->src\main\AndroidManifest.xml:134:9-136:46
146            android:name="com.teramatrix.vos.service.Locationservice"
146-->src\main\AndroidManifest.xml:135:13-52
147            android:enabled="true" />
147-->src\main\AndroidManifest.xml:136:13-35
148
149        <activity
149-->src\main\AndroidManifest.xml:138:9-141:59
150            android:name="com.teramatrix.vos.MyDialog"
150-->src\main\AndroidManifest.xml:139:13-37
151            android:screenOrientation="portrait"
151-->src\main\AndroidManifest.xml:140:13-49
152            android:theme="@android:style/Theme.Dialog" />
152-->src\main\AndroidManifest.xml:141:13-56
153
154        <receiver
154-->src\main\AndroidManifest.xml:143:9-145:47
155            android:name="com.teramatrix.vos.reciver.NewTicketAlertRinger"
155-->src\main\AndroidManifest.xml:144:13-57
156            android:enabled="true" />
156-->src\main\AndroidManifest.xml:145:13-35
157        <receiver android:name="com.teramatrix.vos.reciver.InternetAvailabilityRecever" >
157-->src\main\AndroidManifest.xml:146:9-150:20
157-->src\main\AndroidManifest.xml:146:19-70
158            <intent-filter>
158-->src\main\AndroidManifest.xml:147:13-149:29
159                <action android:name="android.net.conn.CONNECTIVITY_CHANGE" />
159-->src\main\AndroidManifest.xml:148:17-79
159-->src\main\AndroidManifest.xml:148:25-76
160            </intent-filter>
161        </receiver>
162        <receiver
162-->src\main\AndroidManifest.xml:151:9-162:20
163            android:name="com.teramatrix.vos.reciver.PhoneRebootReceiver"
163-->src\main\AndroidManifest.xml:152:13-56
164            android:enabled="true"
164-->src\main\AndroidManifest.xml:153:13-35
165            android:permission="android.permission.RECEIVE_BOOT_COMPLETED" >
165-->src\main\AndroidManifest.xml:154:13-75
166            <intent-filter>
166-->src\main\AndroidManifest.xml:155:13-161:29
167                <action android:name="android.intent.action.BOOT_COMPLETED" />
167-->src\main\AndroidManifest.xml:156:17-79
167-->src\main\AndroidManifest.xml:156:25-76
168
169                <category android:name="android.intent.category.DEFAULT" />
169-->src\main\AndroidManifest.xml:158:17-76
169-->src\main\AndroidManifest.xml:158:27-73
170
171                <action android:name="android.intent.action.QUICKBOOT_POWERON" />
171-->src\main\AndroidManifest.xml:160:17-82
171-->src\main\AndroidManifest.xml:160:25-79
172            </intent-filter>
173        </receiver> <!-- GCM Receiver -->
174        <service android:name="com.teramatrix.vos.firebase.service.MyFirebaseMessagingService" >
174-->src\main\AndroidManifest.xml:163:9-167:19
174-->src\main\AndroidManifest.xml:163:18-77
175            <intent-filter>
175-->src\main\AndroidManifest.xml:164:13-166:29
176                <action android:name="com.google.firebase.MESSAGING_EVENT" />
176-->src\main\AndroidManifest.xml:165:17-78
176-->src\main\AndroidManifest.xml:165:25-75
177            </intent-filter>
178        </service>
179        <service
179-->src\main\AndroidManifest.xml:168:9-174:19
180            android:name="com.teramatrix.vos.firebase.service.MyFirebaseInstanceIDService"
180-->src\main\AndroidManifest.xml:169:13-73
181            android:exported="false" >
181-->src\main\AndroidManifest.xml:170:13-37
182            <intent-filter>
182-->src\main\AndroidManifest.xml:171:13-173:29
183                <action android:name="com.google.firebase.INSTANCE_ID_EVENT" />
183-->src\main\AndroidManifest.xml:172:17-80
183-->src\main\AndroidManifest.xml:172:25-77
184            </intent-filter>
185        </service>
186
187        <provider
187-->src\main\AndroidManifest.xml:176:9-180:49
188            android:name="com.activeandroid.content.ContentProvider"
188-->src\main\AndroidManifest.xml:177:13-69
189            android:authorities="com.teramatrix.vos"
189-->src\main\AndroidManifest.xml:178:13-53
190            android:enabled="true"
190-->src\main\AndroidManifest.xml:179:13-35
191            android:exported="false" />
191-->src\main\AndroidManifest.xml:180:13-37
192
193        <meta-data
193-->src\main\AndroidManifest.xml:182:9-184:72
194            android:name="io.fabric.ApiKey"
194-->src\main\AndroidManifest.xml:183:13-44
195            android:value="b7fb867e45d32601c7f4cb3104e7ca22e31185ca" /> <!-- Register the Alarm Receiver -->
195-->src\main\AndroidManifest.xml:184:13-69
196        <receiver android:name="com.teramatrix.vos.volvouptime.AlarmReceiver" />
196-->src\main\AndroidManifest.xml:185:9-63
196-->src\main\AndroidManifest.xml:185:19-60
197
198        <meta-data
198-->src\main\AndroidManifest.xml:187:9-69
199            android:name="AA_DB_VERSION"
199-->src\main\AndroidManifest.xml:187:20-48
200            android:value="4" />
200-->src\main\AndroidManifest.xml:187:49-66
201
202        <receiver
202-->[com.google.android.gms:play-services-analytics:15.0.0] AndroidManifest.xml:30:9-34:20
203            android:name="com.google.android.gms.analytics.AnalyticsReceiver"
203-->[com.google.android.gms:play-services-analytics:15.0.0] AndroidManifest.xml:31:13-78
204            android:enabled="true"
204-->[com.google.android.gms:play-services-analytics:15.0.0] AndroidManifest.xml:32:13-35
205            android:exported="false" >
205-->[com.google.android.gms:play-services-analytics:15.0.0] AndroidManifest.xml:33:13-37
206        </receiver>
207
208        <service
208-->[com.google.android.gms:play-services-analytics:15.0.0] AndroidManifest.xml:36:9-39:40
209            android:name="com.google.android.gms.analytics.AnalyticsService"
209-->[com.google.android.gms:play-services-analytics:15.0.0] AndroidManifest.xml:37:13-77
210            android:enabled="true"
210-->[com.google.android.gms:play-services-analytics:15.0.0] AndroidManifest.xml:38:13-35
211            android:exported="false" />
211-->[com.google.android.gms:play-services-analytics:15.0.0] AndroidManifest.xml:39:13-37
212        <service
212-->[com.google.android.gms:play-services-analytics:15.0.0] AndroidManifest.xml:40:9-44:72
213            android:name="com.google.android.gms.analytics.AnalyticsJobService"
213-->[com.google.android.gms:play-services-analytics:15.0.0] AndroidManifest.xml:41:13-80
214            android:enabled="true"
214-->[com.google.android.gms:play-services-analytics:15.0.0] AndroidManifest.xml:42:13-35
215            android:exported="false"
215-->[com.google.android.gms:play-services-analytics:15.0.0] AndroidManifest.xml:43:13-37
216            android:permission="android.permission.BIND_JOB_SERVICE" />
216-->[com.google.android.gms:play-services-analytics:15.0.0] AndroidManifest.xml:44:13-69
217        <!--
218             FirebaseMessagingService performs security checks at runtime,
219             no need for explicit permissions despite exported="true"
220        -->
221        <service
221-->[com.google.firebase:firebase-messaging:15.0.0] AndroidManifest.xml:28:9-34:19
222            android:name="com.google.firebase.messaging.FirebaseMessagingService"
222-->[com.google.firebase:firebase-messaging:15.0.0] AndroidManifest.xml:29:13-82
223            android:exported="true" >
223-->[com.google.firebase:firebase-messaging:15.0.0] AndroidManifest.xml:30:13-36
224            <intent-filter android:priority="-500" >
224-->src\main\AndroidManifest.xml:164:13-166:29
225                <action android:name="com.google.firebase.MESSAGING_EVENT" />
225-->src\main\AndroidManifest.xml:165:17-78
225-->src\main\AndroidManifest.xml:165:25-75
226            </intent-filter>
227        </service>
228
229        <provider
229-->[com.crashlytics.sdk.android:crashlytics:2.9.9] AndroidManifest.xml:12:9-16:38
230            android:name="com.crashlytics.android.CrashlyticsInitProvider"
230-->[com.crashlytics.sdk.android:crashlytics:2.9.9] AndroidManifest.xml:13:13-75
231            android:authorities="com.teramatrix.vos.crashlyticsinitprovider"
231-->[com.crashlytics.sdk.android:crashlytics:2.9.9] AndroidManifest.xml:14:13-75
232            android:exported="false"
232-->[com.crashlytics.sdk.android:crashlytics:2.9.9] AndroidManifest.xml:15:13-37
233            android:initOrder="90" />
233-->[com.crashlytics.sdk.android:crashlytics:2.9.9] AndroidManifest.xml:16:13-35
234
235        <activity
235-->[com.google.android.gms:play-services-base:15.0.1] AndroidManifest.xml:23:9-26:75
236            android:name="com.google.android.gms.common.api.GoogleApiActivity"
236-->[com.google.android.gms:play-services-base:15.0.1] AndroidManifest.xml:24:13-79
237            android:exported="false"
237-->[com.google.android.gms:play-services-base:15.0.1] AndroidManifest.xml:25:13-37
238            android:theme="@android:style/Theme.Translucent.NoTitleBar" />
238-->[com.google.android.gms:play-services-base:15.0.1] AndroidManifest.xml:26:13-72
239
240        <receiver
240-->[com.google.firebase:firebase-analytics-impl:15.0.0] AndroidManifest.xml:29:9-33:20
241            android:name="com.google.android.gms.measurement.AppMeasurementReceiver"
241-->[com.google.firebase:firebase-analytics-impl:15.0.0] AndroidManifest.xml:30:13-85
242            android:enabled="true"
242-->[com.google.firebase:firebase-analytics-impl:15.0.0] AndroidManifest.xml:31:13-35
243            android:exported="false" >
243-->[com.google.firebase:firebase-analytics-impl:15.0.0] AndroidManifest.xml:32:13-37
244        </receiver>
245
246        <service
246-->[com.google.firebase:firebase-analytics-impl:15.0.0] AndroidManifest.xml:35:9-38:40
247            android:name="com.google.android.gms.measurement.AppMeasurementService"
247-->[com.google.firebase:firebase-analytics-impl:15.0.0] AndroidManifest.xml:36:13-84
248            android:enabled="true"
248-->[com.google.firebase:firebase-analytics-impl:15.0.0] AndroidManifest.xml:37:13-35
249            android:exported="false" />
249-->[com.google.firebase:firebase-analytics-impl:15.0.0] AndroidManifest.xml:38:13-37
250
251        <receiver
251-->[com.google.firebase:firebase-iid:15.0.0] AndroidManifest.xml:35:9-44:20
252            android:name="com.google.firebase.iid.FirebaseInstanceIdReceiver"
252-->[com.google.firebase:firebase-iid:15.0.0] AndroidManifest.xml:36:13-78
253            android:exported="true"
253-->[com.google.firebase:firebase-iid:15.0.0] AndroidManifest.xml:37:13-36
254            android:permission="com.google.android.c2dm.permission.SEND" >
254-->[com.google.firebase:firebase-iid:15.0.0] AndroidManifest.xml:38:13-73
255            <intent-filter>
255-->[com.google.firebase:firebase-iid:15.0.0] AndroidManifest.xml:39:13-43:29
256                <action android:name="com.google.android.c2dm.intent.RECEIVE" />
256-->[com.google.firebase:firebase-iid:15.0.0] AndroidManifest.xml:40:17-81
256-->[com.google.firebase:firebase-iid:15.0.0] AndroidManifest.xml:40:25-78
257
258                <category android:name="com.teramatrix.vos" />
258-->[com.google.firebase:firebase-iid:15.0.0] AndroidManifest.xml:42:17-61
258-->[com.google.firebase:firebase-iid:15.0.0] AndroidManifest.xml:42:27-58
259            </intent-filter>
260        </receiver>
261        <!--
262             FirebaseInstanceIdService performs security checks at runtime,
263             no need for explicit permissions despite exported="true"
264        -->
265        <service
265-->[com.google.firebase:firebase-iid:15.0.0] AndroidManifest.xml:50:9-56:19
266            android:name="com.google.firebase.iid.FirebaseInstanceIdService"
266-->[com.google.firebase:firebase-iid:15.0.0] AndroidManifest.xml:51:13-77
267            android:exported="true" >
267-->[com.google.firebase:firebase-iid:15.0.0] AndroidManifest.xml:52:13-36
268            <intent-filter android:priority="-500" >
268-->src\main\AndroidManifest.xml:171:13-173:29
269                <action android:name="com.google.firebase.INSTANCE_ID_EVENT" />
269-->src\main\AndroidManifest.xml:172:17-80
269-->src\main\AndroidManifest.xml:172:25-77
270            </intent-filter>
271        </service>
272
273        <provider
273-->[com.google.firebase:firebase-common:15.0.1] AndroidManifest.xml:8:9-12:39
274            android:name="com.google.firebase.provider.FirebaseInitProvider"
274-->[com.google.firebase:firebase-common:15.0.1] AndroidManifest.xml:9:13-77
275            android:authorities="com.teramatrix.vos.firebaseinitprovider"
275-->[com.google.firebase:firebase-common:15.0.1] AndroidManifest.xml:10:13-72
276            android:exported="false"
276-->[com.google.firebase:firebase-common:15.0.1] AndroidManifest.xml:11:13-37
277            android:initOrder="100" />
277-->[com.google.firebase:firebase-common:15.0.1] AndroidManifest.xml:12:13-36
278    </application>
279
280</manifest>